[INFO ] 2025-08-22 18:27:53.064 [main] MWLogger - MWLogger Started
[INFO ] 2025-08-22 18:27:53.065 [main] MWLogger - ----- MekWars Server V 0.8.0.0 is starting up... -----
[INFO ] 2025-08-22 18:27:53.065 [main] MWLogger - Loading configuration...
[INFO ] 2025-08-22 18:27:53.065 [main] MWLogger - Loading Ban Players
[INFO ] 2025-08-22 18:27:53.065 [main] MWLogger - Loading ISPs
[INFO ] 2025-08-22 18:27:53.066 [main] MWLogger - Configuration loaded.
[INFO ] 2025-08-22 18:27:53.066 [main] MWLogger - Loading mail file...
[INFO ] 2025-08-22 18:27:53.066 [main] MWLogger - Mail file loaded.
[INFO ] 2025-08-22 18:27:53.066 [main] MWLogger - Creating new campaign environment...
[INFO ] 2025-08-22 18:27:53.182 [main] MWLogger - Loading MegaMek Game Options
[INFO ] 2025-08-22 18:27:53.226 [main] CampaignData - Adding AdvancedTerrain: 'none'
[INFO ] 2025-08-22 18:27:53.226 [main] CampaignData - Adding AdvancedTerrain: 'allparams'
[INFO ] 2025-08-22 18:27:53.226 [main] CampaignData - Adding AdvancedTerrain: 'temperate'
[INFO ] 2025-08-22 18:27:53.226 [main] CampaignData - Adding AdvancedTerrain: 'temperate winter'
[INFO ] 2025-08-22 18:27:53.226 [main] CampaignData - Adding AdvancedTerrain: 'temperate Windy'
[INFO ] 2025-08-22 18:27:53.226 [main] CampaignData - Adding AdvancedTerrain: 'temperate winter Windy'
[INFO ] 2025-08-22 18:27:53.226 [main] CampaignData - Adding AdvancedTerrain: 'Arid'
[INFO ] 2025-08-22 18:27:53.226 [main] CampaignData - Adding AdvancedTerrain: 'Arid Hot'
[INFO ] 2025-08-22 18:27:53.227 [main] CampaignData - Adding AdvancedTerrain: 'Arid Cold'
[INFO ] 2025-08-22 18:27:53.227 [main] CampaignData - Adding AdvancedTerrain: 'Arid Windy'
[INFO ] 2025-08-22 18:27:53.227 [main] CampaignData - Adding AdvancedTerrain: 'Arid Hot Windy '
[INFO ] 2025-08-22 18:27:53.227 [main] CampaignData - Adding AdvancedTerrain: 'Arid Cold Windy'
[INFO ] 2025-08-22 18:27:53.227 [main] CampaignData - Adding AdvancedTerrain: 'Tropical Monsoon'
[INFO ] 2025-08-22 18:27:53.227 [main] CampaignData - Adding AdvancedTerrain: 'Tropical Monsoon Hot'
[INFO ] 2025-08-22 18:27:53.227 [main] CampaignData - Adding AdvancedTerrain: 'Tropical'
[INFO ] 2025-08-22 18:27:53.227 [main] CampaignData - Adding AdvancedTerrain: 'Tropical Hot'
[INFO ] 2025-08-22 18:27:53.227 [main] CampaignData - Adding AdvancedTerrain: 'Moon Thin'
[INFO ] 2025-08-22 18:27:53.227 [main] CampaignData - Adding AdvancedTerrain: 'Moon trace'
[INFO ] 2025-08-22 18:27:53.227 [main] CampaignData - Adding AdvancedTerrain: 'Moon void'
[INFO ] 2025-08-22 18:27:53.227 [main] CampaignData - Adding AdvancedTerrain: 'asteroid Thin'
[INFO ] 2025-08-22 18:27:53.227 [main] CampaignData - Adding AdvancedTerrain: 'asteroid trace'
[INFO ] 2025-08-22 18:27:53.227 [main] CampaignData - Adding AdvancedTerrain: 'Asteroid void'
[INFO ] 2025-08-22 18:27:53.227 [main] CampaignData - Adding AdvancedTerrain: 'Snowy'
[INFO ] 2025-08-22 18:27:53.227 [main] CampaignData - Adding AdvancedTerrain: 'Snowy Cold'
[INFO ] 2025-08-22 18:27:53.227 [main] CampaignData - Adding AdvancedTerrain: 'Snowy Cold Windy'
[INFO ] 2025-08-22 18:27:53.227 [main] CampaignData - Adding AdvancedTerrain: 'Volcanic Ash'
[INFO ] 2025-08-22 18:27:53.227 [main] CampaignData - Adding AdvancedTerrain: 'Volcanic Ash Windy'
[INFO ] 2025-08-22 18:27:53.227 [main] CampaignData - Adding AdvancedTerrain: 'Volcanic Ash Hot'
[INFO ] 2025-08-22 18:27:53.227 [main] CampaignData - Adding AdvancedTerrain: 'Volcanic Ash Hot Windy'
[INFO ] 2025-08-22 18:27:53.227 [main] CampaignData - Adding AdvancedTerrain: 'Volcanic Ash Cold'
[INFO ] 2025-08-22 18:27:53.227 [main] CampaignData - Adding AdvancedTerrain: 'Volcanic Ash Cold Windy'
[INFO ] 2025-08-22 18:27:53.228 [main] CampaignData - Adding AdvancedTerrain: 'Nuclear Fallout'
[ERROR] 2025-08-22 18:27:53.228 [main] MWLogger - Unable to fine/open ./campaign/topserverid.dat. moving on.
[INFO ] 2025-08-22 18:27:53.231 [main] MWLogger - None
[INFO ] 2025-08-22 18:27:53.232 [main] CampaignData - Adding House: 'None'
[INFO ] 2025-08-22 18:27:53.232 [main] MWLogger - Solaris Training Company
[INFO ] 2025-08-22 18:27:53.232 [main] CampaignData - Adding House: 'Solaris Training Company'
[ERROR] 2025-08-22 18:27:53.233 [main] MWLogger - Timestamp-only planetOpFlags.dat. Skipping.
[INFO ] 2025-08-22 18:27:53.236 [main] MWLogger - PL#Solaris VII#0#0#-3.0#-2.0#Solaris Training Company$100$#0# #0#true#19691231180000#0#50#false#Solaris Training Company#^^#100#
[INFO ] 2025-08-22 18:27:53.238 [main] MWLogger - No banned ammo data found.
[INFO ] 2025-08-22 18:27:53.238 [main] MWLogger - Entering loadSupportUnitDefinitions
[INFO ] 2025-08-22 18:27:53.238 [main] MWLogger - Adding Support Unit: [supportunits]
[INFO ] 2025-08-22 18:27:53.238 [main] MWLogger - SERVER STARTED
[ERROR] 2025-08-22 18:27:53.300 [main] MWLogger - Adding to whitelist: font
[ERROR] 2025-08-22 18:27:53.300 [main] MWLogger - org.jsoup.safety.Whitelist@2ea41516
[ERROR] 2025-08-22 18:27:53.301 [main] MWLogger - No pFlags.dat. Returning
[INFO ] 2025-08-22 18:27:53.330 [Thread-0] MWLogger - DataProvider: startup...
[INFO ] 2025-08-22 18:27:53.332 [main] MWLogger - Environment created.
[INFO ] 2025-08-22 18:27:53.332 [main] MWLogger - Initializing log subsystem. Touching log files.
[INFO ] 2025-08-22 18:27:53.332 [main] MWLogger - Main channel log touched.
[INFO ] 2025-08-22 18:27:53.332 [main] MWLogger - Game log touched.
[ERROR] 2025-08-22 18:27:53.332 [main] MWLogger - Command log touched.
[INFO ] 2025-08-22 18:27:53.332 [main] MWLogger - Private messages (PM) log touched.
[INFO ] 2025-08-22 18:27:53.332 [Thread-0] MWLogger - DataProvider: server created at port 4867. Address -1. Waiting for calls...
[INFO ] 2025-08-22 18:27:53.332 [main] MWLogger - Black Market (BM) log touched.
[INFO ] 2025-08-22 18:27:53.332 [main] MWLogger - Server info log touched.
[WARN ] 2025-08-22 18:27:53.332 [main] MWLogger - Server warnings log touched.
[ERROR] 2025-08-22 18:27:53.332 [main] MWLogger - Server errors log touched.
[INFO ] 2025-08-22 18:27:53.332 [main] MWLogger - Moderators log touched.
[INFO ] 2025-08-22 18:27:53.332 [main] MWLogger - Tick report log touched.
[INFO ] 2025-08-22 18:27:53.332 [main] MWLogger - Entering main loop cycle. Starting the server...
[INFO ] 2025-08-22 18:27:53.334 [main] MWLogger - CommandProcessorRemote: initting the comm command processor
[INFO ] 2025-08-22 18:27:53.334 [main] MWLogger - CommandProcessorRemote: initting the signon command processor
[INFO ] 2025-08-22 18:27:53.335 [main] MWLogger - Starting
[INFO ] 2025-08-22 18:27:53.335 [main] MWLogger - Starting PingThread
[INFO ] 2025-08-22 18:27:53.335 [main] MWLogger - Accepting socket connections on port 2347
[INFO ] 2025-08-22 18:28:38.336 [PingThread] MWLogger - sendServerPing: server
[INFO ] 2025-08-22 23:40:47.559 [main] MWLogger - MWLogger Started
[INFO ] 2025-08-22 23:40:47.564 [main] MWLogger - ----- MekWars Server V 0.8.0.0 is starting up... -----
[INFO ] 2025-08-22 23:40:47.564 [main] MWLogger - Loading configuration...
[INFO ] 2025-08-22 23:40:47.565 [main] MWLogger - Loading Ban Players
[INFO ] 2025-08-22 23:40:47.565 [main] MWLogger - Loading ISPs
[INFO ] 2025-08-22 23:40:47.565 [main] MWLogger - Configuration loaded.
[INFO ] 2025-08-22 23:40:47.566 [main] MWLogger - Loading mail file...
[INFO ] 2025-08-22 23:40:47.566 [main] MWLogger - Mail file loaded.
[INFO ] 2025-08-22 23:40:47.566 [main] MWLogger - Creating new campaign environment...
[INFO ] 2025-08-22 23:40:47.882 [main] MWLogger - Loading MegaMek Game Options
[INFO ] 2025-08-22 23:40:48.371 [main] CampaignData - Adding AdvancedTerrain: 'none'
[INFO ] 2025-08-22 23:40:48.371 [main] CampaignData - Adding AdvancedTerrain: 'allparams'
[INFO ] 2025-08-22 23:40:48.371 [main] CampaignData - Adding AdvancedTerrain: 'temperate'
[INFO ] 2025-08-22 23:40:48.371 [main] CampaignData - Adding AdvancedTerrain: 'temperate winter'
[INFO ] 2025-08-22 23:40:48.371 [main] CampaignData - Adding AdvancedTerrain: 'temperate Windy'
[INFO ] 2025-08-22 23:40:48.371 [main] CampaignData - Adding AdvancedTerrain: 'temperate winter Windy'
[INFO ] 2025-08-22 23:40:48.371 [main] CampaignData - Adding AdvancedTerrain: 'Arid'
[INFO ] 2025-08-22 23:40:48.371 [main] CampaignData - Adding AdvancedTerrain: 'Arid Hot'
[INFO ] 2025-08-22 23:40:48.371 [main] CampaignData - Adding AdvancedTerrain: 'Arid Cold'
[INFO ] 2025-08-22 23:40:48.371 [main] CampaignData - Adding AdvancedTerrain: 'Arid Windy'
[INFO ] 2025-08-22 23:40:48.371 [main] CampaignData - Adding AdvancedTerrain: 'Arid Hot Windy '
[INFO ] 2025-08-22 23:40:48.371 [main] CampaignData - Adding AdvancedTerrain: 'Arid Cold Windy'
[INFO ] 2025-08-22 23:40:48.371 [main] CampaignData - Adding AdvancedTerrain: 'Tropical Monsoon'
[INFO ] 2025-08-22 23:40:48.371 [main] CampaignData - Adding AdvancedTerrain: 'Tropical Monsoon Hot'
[INFO ] 2025-08-22 23:40:48.371 [main] CampaignData - Adding AdvancedTerrain: 'Tropical'
[INFO ] 2025-08-22 23:40:48.372 [main] CampaignData - Adding AdvancedTerrain: 'Tropical Hot'
[INFO ] 2025-08-22 23:40:48.372 [main] CampaignData - Adding AdvancedTerrain: 'Moon Thin'
[INFO ] 2025-08-22 23:40:48.372 [main] CampaignData - Adding AdvancedTerrain: 'Moon trace'
[INFO ] 2025-08-22 23:40:48.372 [main] CampaignData - Adding AdvancedTerrain: 'Moon void'
[INFO ] 2025-08-22 23:40:48.372 [main] CampaignData - Adding AdvancedTerrain: 'asteroid Thin'
[INFO ] 2025-08-22 23:40:48.372 [main] CampaignData - Adding AdvancedTerrain: 'asteroid trace'
[INFO ] 2025-08-22 23:40:48.372 [main] CampaignData - Adding AdvancedTerrain: 'Asteroid void'
[INFO ] 2025-08-22 23:40:48.372 [main] CampaignData - Adding AdvancedTerrain: 'Snowy'
[INFO ] 2025-08-22 23:40:48.372 [main] CampaignData - Adding AdvancedTerrain: 'Snowy Cold'
[INFO ] 2025-08-22 23:40:48.372 [main] CampaignData - Adding AdvancedTerrain: 'Snowy Cold Windy'
[INFO ] 2025-08-22 23:40:48.372 [main] CampaignData - Adding AdvancedTerrain: 'Volcanic Ash'
[INFO ] 2025-08-22 23:40:48.372 [main] CampaignData - Adding AdvancedTerrain: 'Volcanic Ash Windy'
[INFO ] 2025-08-22 23:40:48.372 [main] CampaignData - Adding AdvancedTerrain: 'Volcanic Ash Hot'
[INFO ] 2025-08-22 23:40:48.372 [main] CampaignData - Adding AdvancedTerrain: 'Volcanic Ash Hot Windy'
[INFO ] 2025-08-22 23:40:48.372 [main] CampaignData - Adding AdvancedTerrain: 'Volcanic Ash Cold'
[INFO ] 2025-08-22 23:40:48.372 [main] CampaignData - Adding AdvancedTerrain: 'Volcanic Ash Cold Windy'
[INFO ] 2025-08-22 23:40:48.372 [main] CampaignData - Adding AdvancedTerrain: 'Nuclear Fallout'
[ERROR] 2025-08-22 23:40:48.373 [main] MWLogger - Unable to fine/open ./campaign/topserverid.dat. moving on.
[INFO ] 2025-08-22 23:40:48.387 [main] CampaignData - Adding House: 'None'
[INFO ] 2025-08-22 23:40:48.388 [main] CampaignData - Adding House: 'Solaris Training Company'
[ERROR] 2025-08-22 23:40:48.390 [main] MWLogger - Timestamp-only planetOpFlags.dat. Skipping.
[INFO ] 2025-08-22 23:40:48.395 [main] MWLogger - PL#Solaris VII#0#0#-3.0#-2.0#Solaris Training Company$100$#0# #0#true#19691231180000#0#50#false#Solaris Training Company#^^#100#
[INFO ] 2025-08-22 23:40:48.396 [main] MWLogger - No banned ammo data found.
[INFO ] 2025-08-22 23:40:48.396 [main] MWLogger - Entering loadSupportUnitDefinitions
[INFO ] 2025-08-22 23:40:48.397 [main] MWLogger - Adding Support Unit: [supportunits]
[INFO ] 2025-08-22 23:40:48.397 [main] MWLogger - SERVER STARTED
[ERROR] 2025-08-22 23:40:48.460 [main] MWLogger - Adding to whitelist: font
[ERROR] 2025-08-22 23:40:48.461 [main] MWLogger - org.jsoup.safety.Whitelist@4372b9b6
[ERROR] 2025-08-22 23:40:48.462 [main] MWLogger - No pFlags.dat. Returning
[INFO ] 2025-08-22 23:40:48.489 [Thread-0] MWLogger - DataProvider: startup...
[INFO ] 2025-08-22 23:40:48.498 [Thread-0] MWLogger - DataProvider: server created at port 4867. Address -1. Waiting for calls...
[INFO ] 2025-08-22 23:40:48.499 [main] MWLogger - Environment created.
[INFO ] 2025-08-22 23:40:48.499 [main] MWLogger - Initializing log subsystem. Touching log files.
[INFO ] 2025-08-22 23:40:48.499 [main] MWLogger - Main channel log touched.
[INFO ] 2025-08-22 23:40:48.499 [main] MWLogger - Game log touched.
[ERROR] 2025-08-22 23:40:48.500 [main] MWLogger - Command log touched.
[INFO ] 2025-08-22 23:40:48.500 [main] MWLogger - Private messages (PM) log touched.
[INFO ] 2025-08-22 23:40:48.500 [main] MWLogger - Black Market (BM) log touched.
[INFO ] 2025-08-22 23:40:48.500 [main] MWLogger - Server info log touched.
[WARN ] 2025-08-22 23:40:48.500 [main] MWLogger - Server warnings log touched.
[ERROR] 2025-08-22 23:40:48.500 [main] MWLogger - Server errors log touched.
[INFO ] 2025-08-22 23:40:48.500 [main] MWLogger - Moderators log touched.
[INFO ] 2025-08-22 23:40:48.500 [main] MWLogger - Tick report log touched.
[INFO ] 2025-08-22 23:40:48.500 [main] MWLogger - Entering main loop cycle. Starting the server...
[INFO ] 2025-08-22 23:40:48.502 [main] MWLogger - CommandProcessorRemote: initting the comm command processor
[INFO ] 2025-08-22 23:40:48.502 [main] MWLogger - CommandProcessorRemote: initting the signon command processor
[INFO ] 2025-08-22 23:40:48.503 [main] MWLogger - Starting
[INFO ] 2025-08-22 23:40:48.504 [main] MWLogger - Starting PingThread
[INFO ] 2025-08-22 23:40:48.505 [main] MWLogger - Accepting socket connections on port 2347
